<?xml version="1.0" encoding="UTF-8"?>
<!-- Generated by org.testng.reporters.JUnitReportReporter -->
<testsuite hostname="SYNBLRLT2483JBV" failures="0" tests="10" name="testRunner.Runner" time="0.124" errors="0" timestamp="2024-02-02T16:57:15 IST" skipped="0">
  <testcase classname="testRunner.Runner" name="runScenario" time="0.006"/>
  <system-out/>
  <testcase classname="testRunner.Runner" name="runScenario" time="0.005"/>
  <system-out/>
  <testcase classname="testRunner.Runner" name="runScenario" time="0.073"/>
  <system-out/>
  <testcase classname="testRunner.Runner" name="runScenario" time="0.006"/>
  <system-out/>
  <testcase classname="testRunner.Runner" name="runScenario" time="0.005"/>
  <system-out/>
  <testcase classname="testRunner.Runner" name="runScenario" time="0.004"/>
  <system-out/>
  <testcase classname="testRunner.Runner" name="runScenario" time="0.008"/>
  <system-out/>
  <testcase classname="testRunner.Runner" name="runScenario" time="0.005"/>
  <system-out/>
  <testcase classname="testRunner.Runner" name="runScenario" time="0.004"/>
  <system-out/>
  <testcase classname="testRunner.Runner" name="runScenario" time="0.008"/>
  <system-out/>
</testsuite> <!-- testRunner.Runner -->
